  Raytracing_n.cpp
e:\workspace\megasync\raytracing_n\raytracing_n\vec3.h(68): warning C4244: “初始化”: 从“double”转换到“float”，可能丢失数据
e:\workspace\megasync\raytracing_n\raytracing_n\vec3.h(161): warning C4244: “初始化”: 从“double”转换到“float”，可能丢失数据
e:\workspace\megasync\raytracing_n\raytracing_n\mathf.h(17): warning C4244: “初始化”: 从“unsigned __int64”转换到“unsigned int”，可能丢失数据
e:\workspace\megasync\raytracing_n\raytracing_n\hitable.h(13): warning C4244: “=”: 从“double”转换到“float”，可能丢失数据
e:\workspace\megasync\raytracing_n\raytracing_n\hitable.h(14): warning C4244: “=”: 从“double”转换到“float”，可能丢失数据
e:\workspace\megasync\raytracing_n\raytracing_n\hitable.h(82): warning C4244: “初始化”: 从“double”转换到“float”，可能丢失数据
e:\workspace\megasync\raytracing_n\raytracing_n\sphere.h(8): warning C4244: “初始化”: 从“double”转换到“float”，可能丢失数据
e:\workspace\megasync\raytracing_n\raytracing_n\sphere.h(9): warning C4244: “初始化”: 从“double”转换到“float”，可能丢失数据
e:\workspace\megasync\raytracing_n\raytracing_n\sphere.h(11): warning C4244: “初始化”: 从“double”转换到“float”，可能丢失数据
e:\workspace\megasync\raytracing_n\raytracing_n\sphere.h(71): warning C4305: “参数”: 从“double”到“float”截断
e:\workspace\megasync\raytracing_n\raytracing_n\sphere.h(73): warning C4244: “初始化”: 从“double”转换到“float”，可能丢失数据
e:\workspace\megasync\raytracing_n\raytracing_n\hitable_list.h(26): warning C4244: “参数”: 从“double”转换到“float”，可能丢失数据
e:\workspace\megasync\raytracing_n\raytracing_n\hitable_list.h(55): warning C4244: “初始化”: 从“double”转换到“float”，可能丢失数据
e:\workspace\megasync\raytracing_n\raytracing_n\camera.h(11): warning C4244: “参数”: 从“double”转换到“float”，可能丢失数据
e:\workspace\megasync\raytracing_n\raytracing_n\camera.h(21): warning C4244: “初始化”: 从“double”转换到“float”，可能丢失数据
e:\workspace\megasync\raytracing_n\raytracing_n\camera.h(38): warning C4244: “初始化”: 从“double”转换到“float”，可能丢失数据
e:\workspace\megasync\raytracing_n\raytracing_n\camera.h(55): warning C4244: “初始化”: 从“double”转换到“float”，可能丢失数据
e:\workspace\megasync\raytracing_n\raytracing_n\perlin.h(34): warning C4244: “初始化”: 从“float”转换到“int”，可能丢失数据
e:\workspace\megasync\raytracing_n\raytracing_n\perlin.h(35): warning C4244: “初始化”: 从“float”转换到“int”，可能丢失数据
e:\workspace\megasync\raytracing_n\raytracing_n\perlin.h(36): warning C4244: “初始化”: 从“float”转换到“int”，可能丢失数据
e:\workspace\megasync\raytracing_n\raytracing_n\perlin.h(70): warning C4244: “参数”: 从“double”转换到“float”，可能丢失数据
e:\workspace\megasync\raytracing_n\raytracing_n\texture.h(60): warning C4244: “初始化”: 从“float”转换到“int”，可能丢失数据
e:\workspace\megasync\raytracing_n\raytracing_n\texture.h(61): warning C4244: “初始化”: 从“double”转换到“int”，可能丢失数据
e:\workspace\megasync\raytracing_n\raytracing_n\texture.h(66): warning C4244: “初始化”: 从“double”转换到“float”，可能丢失数据
e:\workspace\megasync\raytracing_n\raytracing_n\texture.h(67): warning C4244: “初始化”: 从“double”转换到“float”，可能丢失数据
e:\workspace\megasync\raytracing_n\raytracing_n\texture.h(68): warning C4244: “初始化”: 从“double”转换到“float”，可能丢失数据
e:\workspace\megasync\raytracing_n\raytracing_n\brdf.h(15): warning C4005: “M_PI”: 宏重定义
  e:\workspace\megasync\raytracing_n\raytracing_n\mathf.h(10): note: 参见“M_PI”的前一个定义
e:\workspace\megasync\raytracing_n\raytracing_n\triangle.h(40): warning C4305: “参数”: 从“double”到“float”截断
e:\workspace\megasync\raytracing_n\raytracing_n\triangle.h(48): warning C4244: “初始化”: 从“double”转换到“float”，可能丢失数据
e:\workspace\megasync\raytracing_n\raytracing_n\triangle.h(58): warning C4244: “初始化”: 从“double”转换到“float”，可能丢失数据
e:\workspace\megasync\raytracing_n\raytracing_n\triangle.h(59): warning C4244: “初始化”: 从“double”转换到“float”，可能丢失数据
e:\workspace\megasync\raytracing_n\raytracing_n\geometry.h(25): warning C4018: “<”: 有符号/无符号不匹配
e:\workspace\megasync\raytracing_n\raytracing_n\microfacet_distribution.h(28): warning C4552: ”-“: 未使用表达式结果
e:\workspace\megasync\raytracing_n\raytracing_n\microfacet_distribution.h(38): warning C4244: “初始化”: 从“double”转换到“float”，可能丢失数据
e:\workspace\megasync\raytracing_n\raytracing_n\microfacet_distribution.h(39): warning C4244: “初始化”: 从“double”转换到“float”，可能丢失数据
e:\workspace\megasync\raytracing_n\raytracing_n\microfacet_distribution.h(69): warning C4244: “初始化”: 从“double”转换到“float”，可能丢失数据
e:\workspace\megasync\raytracing_n\raytracing_n\microfacet_distribution.h(69): warning C4244: “初始化”: 从“double”转换到“const float”，可能丢失数据
e:\workspace\megasync\raytracing_n\raytracing_n\microfacet_distribution.h(160): warning C4244: “return”: 从“double”转换到“float”，可能丢失数据
e:\workspace\megasync\raytracing_n\raytracing_n\microfacet_distribution.h(182): warning C4244: “=”: 从“double”转换到“float”，可能丢失数据
e:\workspace\megasync\raytracing_n\raytracing_n\microfacet_distribution.h(188): warning C4244: “=”: 从“double”转换到“float”，可能丢失数据
e:\workspace\megasync\raytracing_n\raytracing_n\microfacet_distribution.h(190): warning C4305: “+=”: 从“double”到“float”截断
e:\workspace\megasync\raytracing_n\raytracing_n\rng.h(6): warning C4305: “初始化”: 从“double”到“float”截断
e:\workspace\megasync\raytracing_n\raytracing_n\pdf.h(11): warning C4244: “初始化”: 从“double”转换到“float”，可能丢失数据
e:\workspace\megasync\raytracing_n\raytracing_n\pdf.h(12): warning C4244: “初始化”: 从“double”转换到“float”，可能丢失数据
e:\workspace\megasync\raytracing_n\raytracing_n\pdf.h(13): warning C4244: “初始化”: 从“double”转换到“float”，可能丢失数据
e:\workspace\megasync\raytracing_n\raytracing_n\pdf.h(36): warning C4244: “return”: 从“double”转换到“float”，可能丢失数据
e:\workspace\megasync\raytracing_n\raytracing_n\pdf.h(55): warning C4244: “return”: 从“double”转换到“float”，可能丢失数据
e:\workspace\megasync\raytracing_n\raytracing_n\pdf.h(160): warning C4244: “=”: 从“double”转换到“float”，可能丢失数据
e:\workspace\megasync\raytracing_n\raytracing_n\pdf.h(166): warning C4244: “return”: 从“double”转换到“float”，可能丢失数据
e:\workspace\megasync\raytracing_n\raytracing_n\material.h(24): warning C4244: “初始化”: 从“double”转换到“float”，可能丢失数据
e:\workspace\megasync\raytracing_n\raytracing_n\material.h(40): warning C4244: “return”: 从“double”转换到“float”，可能丢失数据
e:\workspace\megasync\raytracing_n\raytracing_n\material.h(56): warning C4244: “参数”: 从“double”转换到“float”，可能丢失数据
e:\workspace\megasync\raytracing_n\raytracing_n\material.h(103): warning C4244: “return”: 从“double”转换到“float”，可能丢失数据
e:\workspace\megasync\raytracing_n\raytracing_n\material.h(119): warning C4244: “=”: 从“double”转换到“float”，可能丢失数据
e:\workspace\megasync\raytracing_n\raytracing_n\material.h(120): warning C4244: “=”: 从“double”转换到“float”，可能丢失数据
e:\workspace\megasync\raytracing_n\raytracing_n\material.h(121): warning C4244: “=”: 从“double”转换到“float”，可能丢失数据
e:\workspace\megasync\raytracing_n\raytracing_n\material.h(158): warning C4244: “return”: 从“double”转换到“float”，可能丢失数据
e:\workspace\megasync\raytracing_n\raytracing_n\material.h(231): warning C4244: “return”: 从“double”转换到“float”，可能丢失数据
e:\workspace\megasync\raytracing_n\raytracing_n\material.h(245): warning C4305: “+=”: 从“double”到“float”截断
e:\workspace\megasync\raytracing_n\raytracing_n\material.h(247): warning C4244: “=”: 从“double”转换到“float”，可能丢失数据
e:\workspace\megasync\raytracing_n\raytracing_n\material.h(249): warning C4244: “=”: 从“double”转换到“float”，可能丢失数据
e:\workspace\megasync\raytracing_n\raytracing_n\material.h(305): warning C4244: “=”: 从“double”转换到“float”，可能丢失数据
e:\workspace\megasync\raytracing_n\raytracing_n\material.h(335): warning C4244: “参数”: 从“double”转换到“float”，可能丢失数据
e:\workspace\megasync\raytracing_n\raytracing_n\aarect.h(12): warning C4244: “参数”: 从“double”转换到“float”，可能丢失数据
e:\workspace\megasync\raytracing_n\raytracing_n\aarect.h(42): warning C4244: “参数”: 从“double”转换到“float”，可能丢失数据
e:\workspace\megasync\raytracing_n\raytracing_n\aarect.h(47): warning C4305: “参数”: 从“double”到“float”截断
e:\workspace\megasync\raytracing_n\raytracing_n\aarect.h(58): warning C4244: “参数”: 从“double”转换到“float”，可能丢失数据
e:\workspace\megasync\raytracing_n\raytracing_n\aarect.h(73): warning C4244: “参数”: 从“double”转换到“float”，可能丢失数据
e:\workspace\megasync\raytracing_n\raytracing_n\constant_medium.h(24): warning C4244: “参数”: 从“double”转换到“float”，可能丢失数据
e:\workspace\megasync\raytracing_n\raytracing_n\constant_medium.h(36): warning C4244: “初始化”: 从“double”转换到“float”，可能丢失数据
e:\workspace\megasync\raytracing_n\raytracing_n\model.h(50): warning C4018: “<”: 有符号/无符号不匹配
e:\workspace\megasync\raytracing_n\raytracing_n\raytracing_n.cpp(55): warning C4305: “参数”: 从“double”到“float”截断
e:\workspace\megasync\raytracing_n\raytracing_n\raytracing_n.cpp(95): warning C4305: “参数”: 从“double”到“float”截断
e:\workspace\megasync\raytracing_n\raytracing_n\raytracing_n.cpp(102): warning C4244: “初始化”: 从“double”转换到“float”，可能丢失数据
e:\workspace\megasync\raytracing_n\raytracing_n\raytracing_n.cpp(103): warning C4244: “参数”: 从“double”转换到“float”，可能丢失数据
e:\workspace\megasync\raytracing_n\raytracing_n\raytracing_n.cpp(103): warning C4305: “参数”: 从“double”到“float”截断
e:\workspace\megasync\raytracing_n\raytracing_n\raytracing_n.cpp(104): warning C4305: “参数”: 从“double”到“float”截断
e:\workspace\megasync\raytracing_n\raytracing_n\raytracing_n.cpp(108): warning C4244: “参数”: 从“double”转换到“float”，可能丢失数据
e:\workspace\megasync\raytracing_n\raytracing_n\raytracing_n.cpp(108): warning C4305: “参数”: 从“double”到“float”截断
e:\workspace\megasync\raytracing_n\raytracing_n\raytracing_n.cpp(113): warning C4244: “参数”: 从“double”转换到“float”，可能丢失数据
e:\workspace\megasync\raytracing_n\raytracing_n\raytracing_n.cpp(113): warning C4305: “参数”: 从“double”到“float”截断
e:\workspace\megasync\raytracing_n\raytracing_n\raytracing_n.cpp(116): warning C4305: “参数”: 从“double”到“float”截断
e:\workspace\megasync\raytracing_n\raytracing_n\raytracing_n.cpp(122): warning C4305: “参数”: 从“double”到“float”截断
e:\workspace\megasync\raytracing_n\raytracing_n\raytracing_n.cpp(123): warning C4305: “参数”: 从“double”到“float”截断
e:\workspace\megasync\raytracing_n\raytracing_n\raytracing_n.cpp(129): warning C4305: “参数”: 从“double”到“float”截断
e:\workspace\megasync\raytracing_n\raytracing_n\raytracing_n.cpp(151): warning C4305: “参数”: 从“double”到“float”截断
e:\workspace\megasync\raytracing_n\raytracing_n\raytracing_n.cpp(178): warning C4305: “参数”: 从“double”到“float”截断
e:\workspace\megasync\raytracing_n\raytracing_n\raytracing_n.cpp(179): warning C4305: “参数”: 从“double”到“float”截断
e:\workspace\megasync\raytracing_n\raytracing_n\raytracing_n.cpp(180): warning C4305: “参数”: 从“double”到“float”截断
e:\workspace\megasync\raytracing_n\raytracing_n\raytracing_n.cpp(181): warning C4305: “参数”: 从“double”到“float”截断
e:\workspace\megasync\raytracing_n\raytracing_n\raytracing_n.cpp(182): warning C4305: “参数”: 从“double”到“float”截断
e:\workspace\megasync\raytracing_n\raytracing_n\raytracing_n.cpp(183): warning C4305: “参数”: 从“double”到“float”截断
e:\workspace\megasync\raytracing_n\raytracing_n\raytracing_n.cpp(185): warning C4305: “参数”: 从“double”到“float”截断
e:\workspace\megasync\raytracing_n\raytracing_n\raytracing_n.cpp(188): warning C4305: “参数”: 从“double”到“float”截断
e:\workspace\megasync\raytracing_n\raytracing_n\raytracing_n.cpp(189): warning C4305: “参数”: 从“double”到“float”截断
e:\workspace\megasync\raytracing_n\raytracing_n\raytracing_n.cpp(190): warning C4305: “参数”: 从“double”到“float”截断
e:\workspace\megasync\raytracing_n\raytracing_n\raytracing_n.cpp(191): warning C4305: “初始化”: 从“double”到“float”截断
e:\workspace\megasync\raytracing_n\raytracing_n\raytracing_n.cpp(192): warning C4305: “初始化”: 从“double”到“float”截断
e:\workspace\megasync\raytracing_n\raytracing_n\raytracing_n.cpp(194): warning C4305: “参数”: 从“double”到“float”截断
e:\workspace\megasync\raytracing_n\raytracing_n\raytracing_n.cpp(195): warning C4305: “参数”: 从“double”到“float”截断
e:\workspace\megasync\raytracing_n\raytracing_n\raytracing_n.cpp(196): warning C4305: “参数”: 从“double”到“float”截断
e:\workspace\megasync\raytracing_n\raytracing_n\raytracing_n.cpp(197): warning C4305: “参数”: 从“double”到“float”截断
e:\workspace\megasync\raytracing_n\raytracing_n\raytracing_n.cpp(198): warning C4305: “参数”: 从“double”到“float”截断
e:\workspace\megasync\raytracing_n\raytracing_n\raytracing_n.cpp(200): warning C4305: “参数”: 从“double”到“float”截断
e:\workspace\megasync\raytracing_n\raytracing_n\raytracing_n.cpp(201): warning C4305: “参数”: 从“double”到“float”截断
e:\workspace\megasync\raytracing_n\raytracing_n\raytracing_n.cpp(202): warning C4305: “参数”: 从“double”到“float”截断
e:\workspace\megasync\raytracing_n\raytracing_n\raytracing_n.cpp(203): warning C4305: “参数”: 从“double”到“float”截断
e:\workspace\megasync\raytracing_n\raytracing_n\raytracing_n.cpp(204): warning C4305: “参数”: 从“double”到“float”截断
e:\workspace\megasync\raytracing_n\raytracing_n\raytracing_n.cpp(252): warning C4305: “参数”: 从“double”到“float”截断
e:\workspace\megasync\raytracing_n\raytracing_n\raytracing_n.cpp(253): warning C4305: “参数”: 从“double”到“float”截断
e:\workspace\megasync\raytracing_n\raytracing_n\raytracing_n.cpp(262): warning C4244: “初始化”: 从“double”转换到“float”，可能丢失数据
e:\workspace\megasync\raytracing_n\raytracing_n\raytracing_n.cpp(272): warning C4305: “参数”: 从“double”到“float”截断
e:\workspace\megasync\raytracing_n\raytracing_n\raytracing_n.cpp(274): warning C4305: “参数”: 从“double”到“float”截断
e:\workspace\megasync\raytracing_n\raytracing_n\raytracing_n.cpp(277): warning C4305: “参数”: 从“double”到“float”截断
e:\workspace\megasync\raytracing_n\raytracing_n\raytracing_n.cpp(279): warning C4305: “参数”: 从“double”到“float”截断
e:\workspace\megasync\raytracing_n\raytracing_n\raytracing_n.cpp(284): warning C4305: “参数”: 从“double”到“float”截断
e:\workspace\megasync\raytracing_n\raytracing_n\raytracing_n.cpp(288): warning C4244: “参数”: 从“double”转换到“float”，可能丢失数据
e:\workspace\megasync\raytracing_n\raytracing_n\raytracing_n.cpp(307): warning C4305: “参数”: 从“double”到“float”截断
e:\workspace\megasync\raytracing_n\raytracing_n\raytracing_n.cpp(315): warning C4244: “参数”: 从“double”转换到“float”，可能丢失数据
e:\workspace\megasync\raytracing_n\raytracing_n\raytracing_n.cpp(405): warning C4244: “初始化”: 从“_Rep”转换到“int”，可能丢失数据
          with
          [
              _Rep=__int64
          ]
e:\workspace\megasync\raytracing_n\raytracing_n\raytracing_n.cpp(421): warning C4244: “初始化”: 从“_Rep”转换到“int”，可能丢失数据
          with
          [
              _Rep=__int64
          ]
e:\workspace\megasync\raytracing_n\raytracing_n\common.h(19): warning C4244: “return”: 从“U”转换到“T”，可能丢失数据
          with
          [
              U=int
          ]
          and
          [
              T=float
          ]
  e:\workspace\megasync\raytracing_n\raytracing_n\reflection.h(22): note: 参见对正在编译的函数 模板 实例化“T Clamp<float,int,int>(T,U,V)”的引用
          with
          [
              T=float,
              U=int,
              V=int
          ]
e:\workspace\megasync\raytracing_n\raytracing_n\common.h(21): warning C4244: “return”: 从“V”转换到“T”，可能丢失数据
          with
          [
              V=int
          ]
          and
          [
              T=float
          ]
  正在生成代码
  3 of 731 functions ( 0.4%) were compiled, the rest were copied from previous compilation.
    0 functions were new in current compilation
    1 functions had inline decision re-evaluated but remain unchanged
  已完成代码的生成
  Raytracing_n.vcxproj -> E:\WorkSpace\MEGAsync\Raytracing_n\Release\Raytracing_n.exe
